d:\repository\final\a1pack base\release\a1pack_base.lib
d:\repository\final\a1pack base\release\a1pack_base.exp
d:\repository\final\a1pack base\a1pack_base\release\a1pack_base.pch
d:\repository\final\a1pack base\a1pack_base\release\vc140.pdb
d:\repository\final\a1pack base\a1pack_base\release\stdafx.obj
d:\repository\final\a1pack base\a1pack_base\release\processingpe.obj
d:\repository\final\a1pack base\a1pack_base\release\a1pack_base.obj
d:\repository\final\a1pack base\a1pack_base\release\dllmain.obj
d:\repository\final\a1pack base\release\a1pack_base.dll
d:\repository\final\a1pack base\release\a1pack_base.ipdb
d:\repository\final\a1pack base\release\a1pack_base.iobj
d:\repository\final\a1pack base\release\a1pack_base.pdb
d:\repository\final\a1pack base\a1pack_base\release\a1pack_base1.res
d:\repository\final\a1pack base\a1pack_base\release\a1pack_base.tlog\a1pack_base.write.1u.tlog
d:\repository\final\a1pack base\a1pack_base\release\a1pack_base.tlog\cl.command.1.tlog
d:\repository\final\a1pack base\a1pack_base\release\a1pack_base.tlog\cl.read.1.tlog
d:\repository\final\a1pack base\a1pack_base\release\a1pack_base.tlog\cl.write.1.tlog
d:\repository\final\a1pack base\a1pack_base\release\a1pack_base.tlog\link.command.1.tlog
d:\repository\final\a1pack base\a1pack_base\release\a1pack_base.tlog\link.read.1.tlog
d:\repository\final\a1pack base\a1pack_base\release\a1pack_base.tlog\link.write.1.tlog
d:\repository\final\a1pack base\a1pack_base\release\a1pack_base.tlog\rc.command.1.tlog
d:\repository\final\a1pack base\a1pack_base\release\a1pack_base.tlog\rc.read.1.tlog
d:\repository\final\a1pack base\a1pack_base\release\a1pack_base.tlog\rc.write.1.tlog
