d:\repository\classone\taskmanager\taskmanager\debug\taskmanager.pch
d:\repository\classone\taskmanager\taskmanager\debug\vc140.pdb
d:\repository\classone\taskmanager\taskmanager\debug\vc140.idb
d:\repository\classone\taskmanager\taskmanager\debug\stdafx.obj
d:\repository\classone\taskmanager\taskmanager\debug\pagechart.obj
d:\repository\classone\taskmanager\taskmanager\debug\pagetask.obj
d:\repository\classone\taskmanager\taskmanager\debug\taskmanager.obj
d:\repository\classone\taskmanager\taskmanager\debug\taskmanagerdlg.obj
d:\repository\classone\taskmanager\taskmanager\debug\pageproc.obj
d:\repository\classone\taskmanager\debug\taskmanager.ilk
d:\repository\classone\taskmanager\debug\taskmanager.exe
d:\repository\classone\taskmanager\debug\taskmanager.pdb
d:\repository\classone\taskmanager\taskmanager\debug\taskmanager.res
d:\repository\classone\taskmanager\taskmanager\debug\taskmanager.tlog\cl.command.1.tlog
d:\repository\classone\taskmanager\taskmanager\debug\taskmanager.tlog\cl.read.1.tlog
d:\repository\classone\taskmanager\taskmanager\debug\taskmanager.tlog\cl.write.1.tlog
d:\repository\classone\taskmanager\taskmanager\debug\taskmanager.tlog\link.command.1.tlog
d:\repository\classone\taskmanager\taskmanager\debug\taskmanager.tlog\link.read.1.tlog
d:\repository\classone\taskmanager\taskmanager\debug\taskmanager.tlog\link.write.1.tlog
d:\repository\classone\taskmanager\taskmanager\debug\taskmanager.tlog\rc.command.1.tlog
d:\repository\classone\taskmanager\taskmanager\debug\taskmanager.tlog\rc.read.1.tlog
d:\repository\classone\taskmanager\taskmanager\debug\taskmanager.tlog\rc.write.1.tlog
