  Capstone反汇编.cpp
capstone_x86.lib(cs.obj) : warning LNK4099: 未找到 PDB“vc120.pdb”(使用“capstone_x86.lib(cs.obj)”或在“D:\Repository\ClassTwo\汇编反汇编引擎使用\Debug\vc120.pdb”中寻找)；正在链接对象，如同没有调试信息一样
capstone_x86.lib(MCInst.obj) : warning LNK4099: 未找到 PDB“vc120.pdb”(使用“capstone_x86.lib(MCInst.obj)”或在“D:\Repository\ClassTwo\汇编反汇编引擎使用\Debug\vc120.pdb”中寻找)；正在链接对象，如同没有调试信息一样
capstone_x86.lib(MCInstrDesc.obj) : warning LNK4099: 未找到 PDB“vc120.pdb”(使用“capstone_x86.lib(MCInstrDesc.obj)”或在“D:\Repository\ClassTwo\汇编反汇编引擎使用\Debug\vc120.pdb”中寻找)；正在链接对象，如同没有调试信息一样
capstone_x86.lib(MCRegisterInfo.obj) : warning LNK4099: 未找到 PDB“vc120.pdb”(使用“capstone_x86.lib(MCRegisterInfo.obj)”或在“D:\Repository\ClassTwo\汇编反汇编引擎使用\Debug\vc120.pdb”中寻找)；正在链接对象，如同没有调试信息一样
capstone_x86.lib(SStream.obj) : warning LNK4099: 未找到 PDB“vc120.pdb”(使用“capstone_x86.lib(SStream.obj)”或在“D:\Repository\ClassTwo\汇编反汇编引擎使用\Debug\vc120.pdb”中寻找)；正在链接对象，如同没有调试信息一样
capstone_x86.lib(utils.obj) : warning LNK4099: 未找到 PDB“vc120.pdb”(使用“capstone_x86.lib(utils.obj)”或在“D:\Repository\ClassTwo\汇编反汇编引擎使用\Debug\vc120.pdb”中寻找)；正在链接对象，如同没有调试信息一样
capstone_x86.lib(ARMDisassembler.obj) : warning LNK4099: 未找到 PDB“vc120.pdb”(使用“capstone_x86.lib(ARMDisassembler.obj)”或在“D:\Repository\ClassTwo\汇编反汇编引擎使用\Debug\vc120.pdb”中寻找)；正在链接对象，如同没有调试信息一样
capstone_x86.lib(ARMInstPrinter.obj) : warning LNK4099: 未找到 PDB“vc120.pdb”(使用“capstone_x86.lib(ARMInstPrinter.obj)”或在“D:\Repository\ClassTwo\汇编反汇编引擎使用\Debug\vc120.pdb”中寻找)；正在链接对象，如同没有调试信息一样
capstone_x86.lib(ARMMapping.obj) : warning LNK4099: 未找到 PDB“vc120.pdb”(使用“capstone_x86.lib(ARMMapping.obj)”或在“D:\Repository\ClassTwo\汇编反汇编引擎使用\Debug\vc120.pdb”中寻找)；正在链接对象，如同没有调试信息一样
capstone_x86.lib(ARMModule.obj) : warning LNK4099: 未找到 PDB“vc120.pdb”(使用“capstone_x86.lib(ARMModule.obj)”或在“D:\Repository\ClassTwo\汇编反汇编引擎使用\Debug\vc120.pdb”中寻找)；正在链接对象，如同没有调试信息一样
capstone_x86.lib(AArch64BaseInfo.obj) : warning LNK4099: 未找到 PDB“vc120.pdb”(使用“capstone_x86.lib(AArch64BaseInfo.obj)”或在“D:\Repository\ClassTwo\汇编反汇编引擎使用\Debug\vc120.pdb”中寻找)；正在链接对象，如同没有调试信息一样
capstone_x86.lib(AArch64Disassembler.obj) : warning LNK4099: 未找到 PDB“vc120.pdb”(使用“capstone_x86.lib(AArch64Disassembler.obj)”或在“D:\Repository\ClassTwo\汇编反汇编引擎使用\Debug\vc120.pdb”中寻找)；正在链接对象，如同没有调试信息一样
capstone_x86.lib(AArch64InstPrinter.obj) : warning LNK4099: 未找到 PDB“vc120.pdb”(使用“capstone_x86.lib(AArch64InstPrinter.obj)”或在“D:\Repository\ClassTwo\汇编反汇编引擎使用\Debug\vc120.pdb”中寻找)；正在链接对象，如同没有调试信息一样
capstone_x86.lib(AArch64Mapping.obj) : warning LNK4099: 未找到 PDB“vc120.pdb”(使用“capstone_x86.lib(AArch64Mapping.obj)”或在“D:\Repository\ClassTwo\汇编反汇编引擎使用\Debug\vc120.pdb”中寻找)；正在链接对象，如同没有调试信息一样
capstone_x86.lib(AArch64Module.obj) : warning LNK4099: 未找到 PDB“vc120.pdb”(使用“capstone_x86.lib(AArch64Module.obj)”或在“D:\Repository\ClassTwo\汇编反汇编引擎使用\Debug\vc120.pdb”中寻找)；正在链接对象，如同没有调试信息一样
capstone_x86.lib(MipsDisassembler.obj) : warning LNK4099: 未找到 PDB“vc120.pdb”(使用“capstone_x86.lib(MipsDisassembler.obj)”或在“D:\Repository\ClassTwo\汇编反汇编引擎使用\Debug\vc120.pdb”中寻找)；正在链接对象，如同没有调试信息一样
capstone_x86.lib(MipsInstPrinter.obj) : warning LNK4099: 未找到 PDB“vc120.pdb”(使用“capstone_x86.lib(MipsInstPrinter.obj)”或在“D:\Repository\ClassTwo\汇编反汇编引擎使用\Debug\vc120.pdb”中寻找)；正在链接对象，如同没有调试信息一样
capstone_x86.lib(MipsMapping.obj) : warning LNK4099: 未找到 PDB“vc120.pdb”(使用“capstone_x86.lib(MipsMapping.obj)”或在“D:\Repository\ClassTwo\汇编反汇编引擎使用\Debug\vc120.pdb”中寻找)；正在链接对象，如同没有调试信息一样
capstone_x86.lib(MipsModule.obj) : warning LNK4099: 未找到 PDB“vc120.pdb”(使用“capstone_x86.lib(MipsModule.obj)”或在“D:\Repository\ClassTwo\汇编反汇编引擎使用\Debug\vc120.pdb”中寻找)；正在链接对象，如同没有调试信息一样
capstone_x86.lib(PPCDisassembler.obj) : warning LNK4099: 未找到 PDB“vc120.pdb”(使用“capstone_x86.lib(PPCDisassembler.obj)”或在“D:\Repository\ClassTwo\汇编反汇编引擎使用\Debug\vc120.pdb”中寻找)；正在链接对象，如同没有调试信息一样
capstone_x86.lib(PPCInstPrinter.obj) : warning LNK4099: 未找到 PDB“vc120.pdb”(使用“capstone_x86.lib(PPCInstPrinter.obj)”或在“D:\Repository\ClassTwo\汇编反汇编引擎使用\Debug\vc120.pdb”中寻找)；正在链接对象，如同没有调试信息一样
capstone_x86.lib(PPCMapping.obj) : warning LNK4099: 未找到 PDB“vc120.pdb”(使用“capstone_x86.lib(PPCMapping.obj)”或在“D:\Repository\ClassTwo\汇编反汇编引擎使用\Debug\vc120.pdb”中寻找)；正在链接对象，如同没有调试信息一样
capstone_x86.lib(PPCModule.obj) : warning LNK4099: 未找到 PDB“vc120.pdb”(使用“capstone_x86.lib(PPCModule.obj)”或在“D:\Repository\ClassTwo\汇编反汇编引擎使用\Debug\vc120.pdb”中寻找)；正在链接对象，如同没有调试信息一样
capstone_x86.lib(X86Disassembler.obj) : warning LNK4099: 未找到 PDB“vc120.pdb”(使用“capstone_x86.lib(X86Disassembler.obj)”或在“D:\Repository\ClassTwo\汇编反汇编引擎使用\Debug\vc120.pdb”中寻找)；正在链接对象，如同没有调试信息一样
capstone_x86.lib(X86DisassemblerDecoder.obj) : warning LNK4099: 未找到 PDB“vc120.pdb”(使用“capstone_x86.lib(X86DisassemblerDecoder.obj)”或在“D:\Repository\ClassTwo\汇编反汇编引擎使用\Debug\vc120.pdb”中寻找)；正在链接对象，如同没有调试信息一样
capstone_x86.lib(X86IntelInstPrinter.obj) : warning LNK4099: 未找到 PDB“vc120.pdb”(使用“capstone_x86.lib(X86IntelInstPrinter.obj)”或在“D:\Repository\ClassTwo\汇编反汇编引擎使用\Debug\vc120.pdb”中寻找)；正在链接对象，如同没有调试信息一样
capstone_x86.lib(X86Mapping.obj) : warning LNK4099: 未找到 PDB“vc120.pdb”(使用“capstone_x86.lib(X86Mapping.obj)”或在“D:\Repository\ClassTwo\汇编反汇编引擎使用\Debug\vc120.pdb”中寻找)；正在链接对象，如同没有调试信息一样
capstone_x86.lib(X86Module.obj) : warning LNK4099: 未找到 PDB“vc120.pdb”(使用“capstone_x86.lib(X86Module.obj)”或在“D:\Repository\ClassTwo\汇编反汇编引擎使用\Debug\vc120.pdb”中寻找)；正在链接对象，如同没有调试信息一样
capstone_x86.lib(X86ATTInstPrinter.obj) : warning LNK4099: 未找到 PDB“vc120.pdb”(使用“capstone_x86.lib(X86ATTInstPrinter.obj)”或在“D:\Repository\ClassTwo\汇编反汇编引擎使用\Debug\vc120.pdb”中寻找)；正在链接对象，如同没有调试信息一样
capstone_x86.lib(SparcDisassembler.obj) : warning LNK4099: 未找到 PDB“vc120.pdb”(使用“capstone_x86.lib(SparcDisassembler.obj)”或在“D:\Repository\ClassTwo\汇编反汇编引擎使用\Debug\vc120.pdb”中寻找)；正在链接对象，如同没有调试信息一样
capstone_x86.lib(SparcInstPrinter.obj) : warning LNK4099: 未找到 PDB“vc120.pdb”(使用“capstone_x86.lib(SparcInstPrinter.obj)”或在“D:\Repository\ClassTwo\汇编反汇编引擎使用\Debug\vc120.pdb”中寻找)；正在链接对象，如同没有调试信息一样
capstone_x86.lib(SparcMapping.obj) : warning LNK4099: 未找到 PDB“vc120.pdb”(使用“capstone_x86.lib(SparcMapping.obj)”或在“D:\Repository\ClassTwo\汇编反汇编引擎使用\Debug\vc120.pdb”中寻找)；正在链接对象，如同没有调试信息一样
capstone_x86.lib(SparcModule.obj) : warning LNK4099: 未找到 PDB“vc120.pdb”(使用“capstone_x86.lib(SparcModule.obj)”或在“D:\Repository\ClassTwo\汇编反汇编引擎使用\Debug\vc120.pdb”中寻找)；正在链接对象，如同没有调试信息一样
capstone_x86.lib(SystemZDisassembler.obj) : warning LNK4099: 未找到 PDB“vc120.pdb”(使用“capstone_x86.lib(SystemZDisassembler.obj)”或在“D:\Repository\ClassTwo\汇编反汇编引擎使用\Debug\vc120.pdb”中寻找)；正在链接对象，如同没有调试信息一样
capstone_x86.lib(SystemZInstPrinter.obj) : warning LNK4099: 未找到 PDB“vc120.pdb”(使用“capstone_x86.lib(SystemZInstPrinter.obj)”或在“D:\Repository\ClassTwo\汇编反汇编引擎使用\Debug\vc120.pdb”中寻找)；正在链接对象，如同没有调试信息一样
capstone_x86.lib(SystemZMapping.obj) : warning LNK4099: 未找到 PDB“vc120.pdb”(使用“capstone_x86.lib(SystemZMapping.obj)”或在“D:\Repository\ClassTwo\汇编反汇编引擎使用\Debug\vc120.pdb”中寻找)；正在链接对象，如同没有调试信息一样
capstone_x86.lib(SystemZModule.obj) : warning LNK4099: 未找到 PDB“vc120.pdb”(使用“capstone_x86.lib(SystemZModule.obj)”或在“D:\Repository\ClassTwo\汇编反汇编引擎使用\Debug\vc120.pdb”中寻找)；正在链接对象，如同没有调试信息一样
capstone_x86.lib(SystemZMCTargetDesc.obj) : warning LNK4099: 未找到 PDB“vc120.pdb”(使用“capstone_x86.lib(SystemZMCTargetDesc.obj)”或在“D:\Repository\ClassTwo\汇编反汇编引擎使用\Debug\vc120.pdb”中寻找)；正在链接对象，如同没有调试信息一样
capstone_x86.lib(XCoreDisassembler.obj) : warning LNK4099: 未找到 PDB“vc120.pdb”(使用“capstone_x86.lib(XCoreDisassembler.obj)”或在“D:\Repository\ClassTwo\汇编反汇编引擎使用\Debug\vc120.pdb”中寻找)；正在链接对象，如同没有调试信息一样
capstone_x86.lib(XCoreInstPrinter.obj) : warning LNK4099: 未找到 PDB“vc120.pdb”(使用“capstone_x86.lib(XCoreInstPrinter.obj)”或在“D:\Repository\ClassTwo\汇编反汇编引擎使用\Debug\vc120.pdb”中寻找)；正在链接对象，如同没有调试信息一样
capstone_x86.lib(XCoreMapping.obj) : warning LNK4099: 未找到 PDB“vc120.pdb”(使用“capstone_x86.lib(XCoreMapping.obj)”或在“D:\Repository\ClassTwo\汇编反汇编引擎使用\Debug\vc120.pdb”中寻找)；正在链接对象，如同没有调试信息一样
capstone_x86.lib(XCoreModule.obj) : warning LNK4099: 未找到 PDB“vc120.pdb”(使用“capstone_x86.lib(XCoreModule.obj)”或在“D:\Repository\ClassTwo\汇编反汇编引擎使用\Debug\vc120.pdb”中寻找)；正在链接对象，如同没有调试信息一样
  Capstone反汇编引擎使用.vcxproj -> D:\Repository\ClassTwo\汇编反汇编引擎使用\Debug\Capstone反汇编引擎使用.exe
